<?xml version="1.0" encoding="UTF-8"?>
<!-- Generated by org.testng.reporters.JUnitReportReporter -->
<testsuite hostname="E13KOLEM0009" failures="0" tests="2" name="testNG.TestNG" time="0.020" errors="0" timestamp="2023-07-15T07:44:27 IST" skipped="0">
  <testcase classname="testNG.TestNG" name="add" time="0.018"/>
  <testcase classname="testNG.TestNG" name="sampleTest" time="0.002"/>
</testsuite> <!-- testNG.TestNG -->
