<?xml version="1.0" encoding="UTF-8"?>
<!-- Generated by org.testng.reporters.JUnitReportReporter -->
<testsuite hostname="E13KOLEM0009" failures="0" tests="3" name="testNG.TestNGTest" time="0.019" errors="0" timestamp="2023-07-15T08:14:08 IST" skipped="0">
  <testcase classname="testNG.TestNGTest" name="modifyCustomer" time="0.017"/>
  <testcase classname="testNG.TestNGTest" name="createCustomer" time="0.001"/>
  <testcase classname="testNG.TestNGTest" name="deleteCustomer" time="0.001"/>
</testsuite> <!-- testNG.TestNGTest -->
